2023-08-06 03:49:52.825481 - Initialized conversion of CBT392
2023-08-06 03:49:54.505208 - Received CBT.V505.FILE392.PDS from FILE392.XMI 
2023-08-06 03:49:54.507577 - Found $$$$CPYR.txt (text/plain) in CBT.V505.FILE392.PDS, moved to PDS/$$$$CPYR
2023-08-06 03:49:54.508668 - Found $$$#DATE.txt (text/plain) in CBT.V505.FILE392.PDS, moved to PDS/$$$#DATE
2023-08-06 03:49:54.509628 - Found $$$INDEX.txt (text/plain) in CBT.V505.FILE392.PDS, moved to PDS/$$$INDEX
2023-08-06 03:49:54.510635 - Found $$$INST.txt (text/plain) in CBT.V505.FILE392.PDS, moved to PDS/$$$INST
2023-08-06 03:49:54.511586 - Found $$$SPLIT.jcl (text/plain) in CBT.V505.FILE392.PDS, moved to PDS/$$$SPLIT
2023-08-06 03:49:54.512494 - Found $$ASM.jcl (text/plain) in CBT.V505.FILE392.PDS, moved to PDS/$$ASM
2023-08-06 03:49:54.513431 - Found $$ASM#CT.jcl (text/plain) in CBT.V505.FILE392.PDS, moved to PDS/$$ASM#CT
2023-08-06 03:49:54.514396 - Found $$ASM#HT.jcl (text/plain) in CBT.V505.FILE392.PDS, moved to PDS/$$ASM#HT
2023-08-06 03:49:54.515302 - Found $$ASMALL.jcl (text/plain) in CBT.V505.FILE392.PDS, moved to PDS/$$ASMALL
2023-08-06 03:49:54.516177 - Found $$ASMATH.jcl (text/plain) in CBT.V505.FILE392.PDS, moved to PDS/$$ASMATH
2023-08-06 03:49:54.517081 - Found $$ASMCHK.jcl (text/plain) in CBT.V505.FILE392.PDS, moved to PDS/$$ASMCHK
2023-08-06 03:49:54.517985 - Found $$ASMDOC.jcl (text/plain) in CBT.V505.FILE392.PDS, moved to PDS/$$ASMDOC
2023-08-06 03:49:54.518855 - Found $$ASMISR.jcl (text/plain) in CBT.V505.FILE392.PDS, moved to PDS/$$ASMISR
2023-08-06 03:49:54.519724 - Found $$ASMO.jcl (text/plain) in CBT.V505.FILE392.PDS, moved to PDS/$$ASMO
2023-08-06 03:49:54.520670 - Found $$ASMO1.jcl (text/plain) in CBT.V505.FILE392.PDS, moved to PDS/$$ASMO1
2023-08-06 03:49:54.521554 - Found $$ASMX.jcl (text/plain) in CBT.V505.FILE392.PDS, moved to PDS/$$ASMX
2023-08-06 03:49:54.522496 - Found $$IPOALL.jcl (text/plain) in CBT.V505.FILE392.PDS, moved to PDS/$$IPOALL
2023-08-06 03:49:54.523396 - Found $$MAC.jcl (text/plain) in CBT.V505.FILE392.PDS, moved to PDS/$$MAC
2023-08-06 03:49:54.524254 - Found $$NEWALL.jcl (text/plain) in CBT.V505.FILE392.PDS, moved to PDS/$$NEWALL
2023-08-06 03:49:54.525141 - Found $$NEWASM.jcl (text/plain) in CBT.V505.FILE392.PDS, moved to PDS/$$NEWASM
2023-08-06 03:49:54.526105 - Found $$NEWCHK.jcl (text/plain) in CBT.V505.FILE392.PDS, moved to PDS/$$NEWCHK
2023-08-06 03:49:54.527043 - Found $$NEWDOC.jcl (text/plain) in CBT.V505.FILE392.PDS, moved to PDS/$$NEWDOC
2023-08-06 03:49:54.527966 - Found $$NEWMAC.jcl (text/plain) in CBT.V505.FILE392.PDS, moved to PDS/$$NEWMAC
2023-08-06 03:49:54.528843 - Found $DBGFLGS.txt (text/plain) in CBT.V505.FILE392.PDS, moved to PDS/$DBGFLGS
2023-08-06 03:49:54.529807 - Found $INCLUDE.txt (text/plain) in CBT.V505.FILE392.PDS, moved to PDS/$INCLUDE
2023-08-06 03:49:54.530749 - Found $INCLUDX.txt (text/plain) in CBT.V505.FILE392.PDS, moved to PDS/$INCLUDX
2023-08-06 03:49:54.531612 - Found $JQT.txt (text/plain) in CBT.V505.FILE392.PDS, moved to PDS/$JQT
2023-08-06 03:49:54.531622 - Found $NULL.x-empty containing application/x-empty, moved to PDS/$NULL
2023-08-06 03:49:54.533375 - Found $ORDER.txt (text/plain) in CBT.V505.FILE392.PDS, moved to PDS/$ORDER
2023-08-06 03:49:54.534343 - Found $UFDOC.txt (text/plain) in CBT.V505.FILE392.PDS, moved to PDS/$UFDOC
2023-08-06 03:49:54.535270 - Found $UPDATES.txt (text/plain) in CBT.V505.FILE392.PDS, moved to PDS/$UPDATES
2023-08-06 03:49:54.536134 - Found #MHELP.txt (text/plain) in CBT.V505.FILE392.PDS, moved to PDS/#MHELP
2023-08-06 03:49:54.537017 - Found @FILE392.txt (text/plain) in CBT.V505.FILE392.PDS, moved to PDS/@FILE392
2023-08-06 03:49:54.537949 - Found A24.txt (text/plain) in CBT.V505.FILE392.PDS, moved to PDS/A24
2023-08-06 03:49:54.538828 - Found A31.txt (text/plain) in CBT.V505.FILE392.PDS, moved to PDS/A31
2023-08-06 03:49:54.539811 - Found BOX.txt (text/plain) in CBT.V505.FILE392.PDS, moved to PDS/BOX
2023-08-06 03:49:54.540775 - Found C.txt (text/plain) in CBT.V505.FILE392.PDS, moved to PDS/C
2023-08-06 03:49:54.541698 - Found GLA.txt (text/plain) in CBT.V505.FILE392.PDS, moved to PDS/GLA
2023-08-06 03:49:54.542632 - Found ISRQ.txt (text/plain) in CBT.V505.FILE392.PDS, moved to PDS/ISRQ
2023-08-06 03:49:54.543521 - Found OACFSORT.txt (text/plain) in CBT.V505.FILE392.PDS, moved to PDS/OACFSORT
2023-08-06 03:49:54.544503 - Found OACFSRT.txt (text/plain) in CBT.V505.FILE392.PDS, moved to PDS/OACFSRT
2023-08-06 03:49:54.545407 - Found Q$BUFFER.txt (text/plain) in CBT.V505.FILE392.PDS, moved to PDS/Q$BUFFER
2023-08-06 03:49:54.546300 - Found Q$CHK.txt (text/plain) in CBT.V505.FILE392.PDS, moved to PDS/Q$CHK
2023-08-06 03:49:54.547200 - Found Q$DAS.txt (text/plain) in CBT.V505.FILE392.PDS, moved to PDS/Q$DAS
2023-08-06 03:49:54.548014 - Found Q$DCT.txt (text/plain) in CBT.V505.FILE392.PDS, moved to PDS/Q$DCT
2023-08-06 03:49:54.548822 - Found Q$HASB.txt (text/plain) in CBT.V505.FILE392.PDS, moved to PDS/Q$HASB
2023-08-06 03:49:54.549739 - Found Q$HCCT.txt (text/plain) in CBT.V505.FILE392.PDS, moved to PDS/Q$HCCT
2023-08-06 03:49:54.550573 - Found Q$HCT.txt (text/plain) in CBT.V505.FILE392.PDS, moved to PDS/Q$HCT
2023-08-06 03:49:54.551377 - Found Q$HDP.txt (text/plain) in CBT.V505.FILE392.PDS, moved to PDS/Q$HDP
2023-08-06 03:49:54.552177 - Found Q$HFAME.txt (text/plain) in CBT.V505.FILE392.PDS, moved to PDS/Q$HFAME
2023-08-06 03:49:54.552983 - Found Q$HQR.txt (text/plain) in CBT.V505.FILE392.PDS, moved to PDS/Q$HQR
2023-08-06 03:49:54.553932 - Found Q$HQT.txt (text/plain) in CBT.V505.FILE392.PDS, moved to PDS/Q$HQT
2023-08-06 03:49:54.554789 - Found Q$IOT.txt (text/plain) in CBT.V505.FILE392.PDS, moved to PDS/Q$IOT
2023-08-06 03:49:54.555579 - Found Q$JCT.txt (text/plain) in CBT.V505.FILE392.PDS, moved to PDS/Q$JCT
2023-08-06 03:49:54.556385 - Found Q$JOE.txt (text/plain) in CBT.V505.FILE392.PDS, moved to PDS/Q$JOE
2023-08-06 03:49:54.557184 - Found Q$JOT.txt (text/plain) in CBT.V505.FILE392.PDS, moved to PDS/Q$JOT
2023-08-06 03:49:54.557992 - Found Q$JQE.txt (text/plain) in CBT.V505.FILE392.PDS, moved to PDS/Q$JQE
2023-08-06 03:49:54.558785 - Found Q$JQT.txt (text/plain) in CBT.V505.FILE392.PDS, moved to PDS/Q$JQT
2023-08-06 03:49:54.559605 - Found Q$KAC.txt (text/plain) in CBT.V505.FILE392.PDS, moved to PDS/Q$KAC
2023-08-06 03:49:54.560404 - Found Q$KIT.txt (text/plain) in CBT.V505.FILE392.PDS, moved to PDS/Q$KIT
2023-08-06 03:49:54.561354 - Found Q$LCK.txt (text/plain) in CBT.V505.FILE392.PDS, moved to PDS/Q$LCK
2023-08-06 03:49:54.562324 - Found Q$LMT.txt (text/plain) in CBT.V505.FILE392.PDS, moved to PDS/Q$LMT
2023-08-06 03:49:54.563227 - Found Q$LRC.txt (text/plain) in CBT.V505.FILE392.PDS, moved to PDS/Q$LRC
2023-08-06 03:49:54.564235 - Found Q$MIT.txt (text/plain) in CBT.V505.FILE392.PDS, moved to PDS/Q$MIT
2023-08-06 03:49:54.565188 - Found Q$NHD.txt (text/plain) in CBT.V505.FILE392.PDS, moved to PDS/Q$NHD
2023-08-06 03:49:54.566059 - Found Q$NHSB.txt (text/plain) in CBT.V505.FILE392.PDS, moved to PDS/Q$NHSB
2023-08-06 03:49:54.567008 - Found Q$PADDR.txt (text/plain) in CBT.V505.FILE392.PDS, moved to PDS/Q$PADDR
2023-08-06 03:49:54.567921 - Found Q$PCE.txt (text/plain) in CBT.V505.FILE392.PDS, moved to PDS/Q$PCE
2023-08-06 03:49:54.568847 - Found Q$PDDB.txt (text/plain) in CBT.V505.FILE392.PDS, moved to PDS/Q$PDDB
2023-08-06 03:49:54.569786 - Found Q$PIT.txt (text/plain) in CBT.V505.FILE392.PDS, moved to PDS/Q$PIT
2023-08-06 03:49:54.570685 - Found Q$QSE.txt (text/plain) in CBT.V505.FILE392.PDS, moved to PDS/Q$QSE
2023-08-06 03:49:54.571635 - Found Q$RDT.txt (text/plain) in CBT.V505.FILE392.PDS, moved to PDS/Q$RDT
2023-08-06 03:49:54.572565 - Found Q$SJB.txt (text/plain) in CBT.V505.FILE392.PDS, moved to PDS/Q$SJB
2023-08-06 03:49:54.573534 - Found Q$SVT.txt (text/plain) in CBT.V505.FILE392.PDS, moved to PDS/Q$SVT
2023-08-06 03:49:54.574463 - Found Q$TAB.txt (text/plain) in CBT.V505.FILE392.PDS, moved to PDS/Q$TAB
2023-08-06 03:49:54.575437 - Found Q$TGM.txt (text/plain) in CBT.V505.FILE392.PDS, moved to PDS/Q$TGM
2023-08-06 03:49:54.576345 - Found Q$TQE.txt (text/plain) in CBT.V505.FILE392.PDS, moved to PDS/Q$TQE
2023-08-06 03:49:54.577287 - Found Q$XECB.txt (text/plain) in CBT.V505.FILE392.PDS, moved to PDS/Q$XECB
2023-08-06 03:49:54.578235 - Found Q##ALL.txt (text/plain) in CBT.V505.FILE392.PDS, moved to PDS/Q##ALL
2023-08-06 03:49:54.579099 - Found Q##END.txt (text/plain) in CBT.V505.FILE392.PDS, moved to PDS/Q##END
2023-08-06 03:49:54.580109 - Found Q##MXREF.txt (text/plain) in CBT.V505.FILE392.PDS, moved to PDS/Q##MXREF
2023-08-06 03:49:54.580967 - Found Q##TITLE.txt (text/plain) in CBT.V505.FILE392.PDS, moved to PDS/Q##TITLE
2023-08-06 03:49:54.581959 - Found Q#AF.txt (text/plain) in CBT.V505.FILE392.PDS, moved to PDS/Q#AF
2023-08-06 03:49:54.582809 - Found Q#AF@@.txt (text/plain) in CBT.V505.FILE392.PDS, moved to PDS/Q#AF@@
2023-08-06 03:49:54.583658 - Found Q#AFX.txt (text/plain) in CBT.V505.FILE392.PDS, moved to PDS/Q#AFX
2023-08-06 03:49:54.584458 - Found Q#AL.txt (text/plain) in CBT.V505.FILE392.PDS, moved to PDS/Q#AL
2023-08-06 03:49:54.585298 - Found Q#AL@.txt (text/plain) in CBT.V505.FILE392.PDS, moved to PDS/Q#AL@
2023-08-06 03:49:54.586354 - Found Q#AT.txt (text/plain) in CBT.V505.FILE392.PDS, moved to PDS/Q#AT
2023-08-06 03:49:54.587316 - Found Q#AT@.txt (text/plain) in CBT.V505.FILE392.PDS, moved to PDS/Q#AT@
2023-08-06 03:49:54.588244 - Found Q#BL.txt (text/plain) in CBT.V505.FILE392.PDS, moved to PDS/Q#BL
2023-08-06 03:49:54.589229 - Found Q#CB.txt (text/plain) in CBT.V505.FILE392.PDS, moved to PDS/Q#CB
2023-08-06 03:49:54.590163 - Found Q#CB#ACF.txt (text/plain) in CBT.V505.FILE392.PDS, moved to PDS/Q#CB#ACF
2023-08-06 03:49:54.591012 - Found Q#CB#HCT.txt (text/plain) in CBT.V505.FILE392.PDS, moved to PDS/Q#CB#HCT
2023-08-06 03:49:54.591864 - Found Q#CB#IOT.txt (text/plain) in CBT.V505.FILE392.PDS, moved to PDS/Q#CB#IOT
2023-08-06 03:49:54.592682 - Found Q#CB#JCT.txt (text/plain) in CBT.V505.FILE392.PDS, moved to PDS/Q#CB#JCT
2023-08-06 03:49:54.593496 - Found Q#CB#JOE.txt (text/plain) in CBT.V505.FILE392.PDS, moved to PDS/Q#CB#JOE
2023-08-06 03:49:54.594374 - Found Q#CB#JOT.txt (text/plain) in CBT.V505.FILE392.PDS, moved to PDS/Q#CB#JOT
2023-08-06 03:49:54.595250 - Found Q#CB#JQE.txt (text/plain) in CBT.V505.FILE392.PDS, moved to PDS/Q#CB#JQE
2023-08-06 03:49:54.596064 - Found Q#CB#PDB.txt (text/plain) in CBT.V505.FILE392.PDS, moved to PDS/Q#CB#PDB
2023-08-06 03:49:54.597005 - Found Q#CH.txt (text/plain) in CBT.V505.FILE392.PDS, moved to PDS/Q#CH
2023-08-06 03:49:54.597907 - Found Q#CK.txt (text/plain) in CBT.V505.FILE392.PDS, moved to PDS/Q#CK
2023-08-06 03:49:54.598779 - Found Q#CP.txt (text/plain) in CBT.V505.FILE392.PDS, moved to PDS/Q#CP
2023-08-06 03:49:54.599747 - Found Q#CT.txt (text/plain) in CBT.V505.FILE392.PDS, moved to PDS/Q#CT
2023-08-06 03:49:54.600768 - Found Q#DD.txt (text/plain) in CBT.V505.FILE392.PDS, moved to PDS/Q#DD
2023-08-06 03:49:54.601758 - Found Q#DD@.txt (text/plain) in CBT.V505.FILE392.PDS, moved to PDS/Q#DD@
2023-08-06 03:49:54.602660 - Found Q#DL.txt (text/plain) in CBT.V505.FILE392.PDS, moved to PDS/Q#DL
2023-08-06 03:49:54.603728 - Found Q#DY.txt (text/plain) in CBT.V505.FILE392.PDS, moved to PDS/Q#DY
2023-08-06 03:49:54.604687 - Found Q#DY@LDW.txt (text/plain) in CBT.V505.FILE392.PDS, moved to PDS/Q#DY@LDW
2023-08-06 03:49:54.605559 - Found Q#FJ.txt (text/plain) in CBT.V505.FILE392.PDS, moved to PDS/Q#FJ
2023-08-06 03:49:54.606573 - Found Q#FM.txt (text/plain) in CBT.V505.FILE392.PDS, moved to PDS/Q#FM
2023-08-06 03:49:54.607550 - Found Q#FM@.txt (text/plain) in CBT.V505.FILE392.PDS, moved to PDS/Q#FM@
2023-08-06 03:49:54.608481 - Found Q#FR.txt (text/plain) in CBT.V505.FILE392.PDS, moved to PDS/Q#FR
2023-08-06 03:49:54.609443 - Found Q#FR@.txt (text/plain) in CBT.V505.FILE392.PDS, moved to PDS/Q#FR@
2023-08-06 03:49:54.610330 - Found Q#GP.txt (text/plain) in CBT.V505.FILE392.PDS, moved to PDS/Q#GP
2023-08-06 03:49:54.611280 - Found Q#GR.txt (text/plain) in CBT.V505.FILE392.PDS, moved to PDS/Q#GR
2023-08-06 03:49:54.612222 - Found Q#HB.txt (text/plain) in CBT.V505.FILE392.PDS, moved to PDS/Q#HB
2023-08-06 03:49:54.613203 - Found Q#HE.txt (text/plain) in CBT.V505.FILE392.PDS, moved to PDS/Q#HE
2023-08-06 03:49:54.614306 - Found Q#HT.txt (text/plain) in CBT.V505.FILE392.PDS, moved to PDS/Q#HT
2023-08-06 03:49:54.615461 - Found Q#II.txt (text/plain) in CBT.V505.FILE392.PDS, moved to PDS/Q#II
2023-08-06 03:49:54.616576 - Found Q#IIX.txt (text/plain) in CBT.V505.FILE392.PDS, moved to PDS/Q#IIX
2023-08-06 03:49:54.617553 - Found Q#IN.txt (text/plain) in CBT.V505.FILE392.PDS, moved to PDS/Q#IN
2023-08-06 03:49:54.618628 - Found Q#JI.txt (text/plain) in CBT.V505.FILE392.PDS, moved to PDS/Q#JI
2023-08-06 03:49:54.619560 - Found Q#JN.txt (text/plain) in CBT.V505.FILE392.PDS, moved to PDS/Q#JN
2023-08-06 03:49:54.620429 - Found Q#JS.txt (text/plain) in CBT.V505.FILE392.PDS, moved to PDS/Q#JS
2023-08-06 03:49:54.621277 - Found Q#KL.txt (text/plain) in CBT.V505.FILE392.PDS, moved to PDS/Q#KL
2023-08-06 03:49:54.622327 - Found Q#LD.txt (text/plain) in CBT.V505.FILE392.PDS, moved to PDS/Q#LD
2023-08-06 03:49:54.623261 - Found Q#LI.txt (text/plain) in CBT.V505.FILE392.PDS, moved to PDS/Q#LI
2023-08-06 03:49:54.624089 - Found Q#LT.txt (text/plain) in CBT.V505.FILE392.PDS, moved to PDS/Q#LT
2023-08-06 03:49:54.624912 - Found Q#MC.txt (text/plain) in CBT.V505.FILE392.PDS, moved to PDS/Q#MC
2023-08-06 03:49:54.625877 - Found Q#MO.txt (text/plain) in CBT.V505.FILE392.PDS, moved to PDS/Q#MO
2023-08-06 03:49:54.626750 - Found Q#OC.txt (text/plain) in CBT.V505.FILE392.PDS, moved to PDS/Q#OC
2023-08-06 03:49:54.627634 - Found Q#PA.txt (text/plain) in CBT.V505.FILE392.PDS, moved to PDS/Q#PA
2023-08-06 03:49:54.628500 - Found Q#PA@.txt (text/plain) in CBT.V505.FILE392.PDS, moved to PDS/Q#PA@
2023-08-06 03:49:54.629316 - Found Q#PF.txt (text/plain) in CBT.V505.FILE392.PDS, moved to PDS/Q#PF
2023-08-06 03:49:54.630274 - Found Q#PR.txt (text/plain) in CBT.V505.FILE392.PDS, moved to PDS/Q#PR
2023-08-06 03:49:54.631200 - Found Q#QC.txt (text/plain) in CBT.V505.FILE392.PDS, moved to PDS/Q#QC
2023-08-06 03:49:54.632054 - Found Q#QD.txt (text/plain) in CBT.V505.FILE392.PDS, moved to PDS/Q#QD
2023-08-06 03:49:54.632876 - Found Q#QI.txt (text/plain) in CBT.V505.FILE392.PDS, moved to PDS/Q#QI
2023-08-06 03:49:54.633793 - Found Q#QQ.txt (text/plain) in CBT.V505.FILE392.PDS, moved to PDS/Q#QQ
2023-08-06 03:49:54.634608 - Found Q#QS.txt (text/plain) in CBT.V505.FILE392.PDS, moved to PDS/Q#QS
2023-08-06 03:49:54.635426 - Found Q#RL.txt (text/plain) in CBT.V505.FILE392.PDS, moved to PDS/Q#RL
2023-08-06 03:49:54.636240 - Found Q#RP.txt (text/plain) in CBT.V505.FILE392.PDS, moved to PDS/Q#RP
2023-08-06 03:49:54.637091 - Found Q#RS.txt (text/plain) in CBT.V505.FILE392.PDS, moved to PDS/Q#RS
2023-08-06 03:49:54.638007 - Found Q#SF.txt (text/plain) in CBT.V505.FILE392.PDS, moved to PDS/Q#SF
2023-08-06 03:49:54.638947 - Found Q#SL.txt (text/plain) in CBT.V505.FILE392.PDS, moved to PDS/Q#SL
2023-08-06 03:49:54.639927 - Found Q#SO.txt (text/plain) in CBT.V505.FILE392.PDS, moved to PDS/Q#SO
2023-08-06 03:49:54.640935 - Found Q#SR.txt (text/plain) in CBT.V505.FILE392.PDS, moved to PDS/Q#SR
2023-08-06 03:49:54.641852 - Found Q#SV.txt (text/plain) in CBT.V505.FILE392.PDS, moved to PDS/Q#SV
2023-08-06 03:49:54.642759 - Found Q#SV@.txt (text/plain) in CBT.V505.FILE392.PDS, moved to PDS/Q#SV@
2023-08-06 03:49:54.643681 - Found Q#SY.txt (text/plain) in CBT.V505.FILE392.PDS, moved to PDS/Q#SY
2023-08-06 03:49:54.644606 - Found Q#TC.txt (text/plain) in CBT.V505.FILE392.PDS, moved to PDS/Q#TC
2023-08-06 03:49:54.645518 - Found Q#TC@.txt (text/plain) in CBT.V505.FILE392.PDS, moved to PDS/Q#TC@
2023-08-06 03:49:54.646432 - Found Q#TG.txt (text/plain) in CBT.V505.FILE392.PDS, moved to PDS/Q#TG
2023-08-06 03:49:54.647365 - Found QAPF.txt (text/plain) in CBT.V505.FILE392.PDS, moved to PDS/QAPF
2023-08-06 03:49:54.648201 - Found QAUTH.txt (text/plain) in CBT.V505.FILE392.PDS, moved to PDS/QAUTH
2023-08-06 03:49:54.649010 - Found QCALL.txt (text/plain) in CBT.V505.FILE392.PDS, moved to PDS/QCALL
2023-08-06 03:49:54.649961 - Found QCALL@.txt (text/plain) in CBT.V505.FILE392.PDS, moved to PDS/QCALL@
2023-08-06 03:49:54.650792 - Found QCALL@2.txt (text/plain) in CBT.V505.FILE392.PDS, moved to PDS/QCALL@2
2023-08-06 03:49:54.651589 - Found QCBFE.txt (text/plain) in CBT.V505.FILE392.PDS, moved to PDS/QCBFE
2023-08-06 03:49:54.652413 - Found QCBLKNUM.txt (text/plain) in CBT.V505.FILE392.PDS, moved to PDS/QCBLKNUM
2023-08-06 03:49:54.653251 - Found QCEDIMAC.txt (text/plain) in CBT.V505.FILE392.PDS, moved to PDS/QCEDIMAC
2023-08-06 03:49:54.654311 - Found QCMDE.txt (text/plain) in CBT.V505.FILE392.PDS, moved to PDS/QCMDE
2023-08-06 03:49:54.654320 - Found QCMDS.bin containing application/octet-stream, moved to PDS/QCMDS
2023-08-06 03:49:54.656196 - Found QCOMMON.txt (text/plain) in CBT.V505.FILE392.PDS, moved to PDS/QCOMMON
2023-08-06 03:49:54.657036 - Found QCQQ.txt (text/plain) in CBT.V505.FILE392.PDS, moved to PDS/QCQQ
2023-08-06 03:49:54.657955 - Found QCQQX.rexx (text/plain) in CBT.V505.FILE392.PDS, moved to PDS/QCQQX
2023-08-06 03:49:54.658866 - Found QDCB.txt (text/plain) in CBT.V505.FILE392.PDS, moved to PDS/QDCB
2023-08-06 03:49:54.659707 - Found QDEBUG.txt (text/plain) in CBT.V505.FILE392.PDS, moved to PDS/QDEBUG
2023-08-06 03:49:54.660512 - Found QDSTAB.txt (text/plain) in CBT.V505.FILE392.PDS, moved to PDS/QDSTAB
2023-08-06 03:49:54.661455 - Found QGLOBAL@.txt (text/plain) in CBT.V505.FILE392.PDS, moved to PDS/QGLOBAL@
2023-08-06 03:49:54.662356 - Found QGLOBALS.txt (text/plain) in CBT.V505.FILE392.PDS, moved to PDS/QGLOBALS
2023-08-06 03:49:54.663240 - Found QHASPEQ@.txt (text/plain) in CBT.V505.FILE392.PDS, moved to PDS/QHASPEQ@
2023-08-06 03:49:54.664051 - Found QHASPEQU.txt (text/plain) in CBT.V505.FILE392.PDS, moved to PDS/QHASPEQU
2023-08-06 03:49:54.664996 - Found QITEM.txt (text/plain) in CBT.V505.FILE392.PDS, moved to PDS/QITEM
2023-08-06 03:49:54.665919 - Found QITEM@.txt (text/plain) in CBT.V505.FILE392.PDS, moved to PDS/QITEM@
2023-08-06 03:49:54.666773 - Found QLCB.txt (text/plain) in CBT.V505.FILE392.PDS, moved to PDS/QLCB
2023-08-06 03:49:54.667567 - Found QNEWCMD.txt (text/plain) in CBT.V505.FILE392.PDS, moved to PDS/QNEWCMD
2023-08-06 03:49:54.668365 - Found QNEXT.txt (text/plain) in CBT.V505.FILE392.PDS, moved to PDS/QNEXT
2023-08-06 03:49:54.669173 - Found QPBRO.txt (text/plain) in CBT.V505.FILE392.PDS, moved to PDS/QPBRO
2023-08-06 03:49:54.670100 - Found QPENTRY.txt (text/plain) in CBT.V505.FILE392.PDS, moved to PDS/QPENTRY
2023-08-06 03:49:54.671091 - Found QPTBL.txt (text/plain) in CBT.V505.FILE392.PDS, moved to PDS/QPTBL
2023-08-06 03:49:54.671948 - Found QREGS.txt (text/plain) in CBT.V505.FILE392.PDS, moved to PDS/QREGS
2023-08-06 03:49:54.672756 - Found QSORT.txt (text/plain) in CBT.V505.FILE392.PDS, moved to PDS/QSORT
2023-08-06 03:49:54.673697 - Found QSTACK.txt (text/plain) in CBT.V505.FILE392.PDS, moved to PDS/QSTACK
2023-08-06 03:49:54.674639 - Found QSTART.txt (text/plain) in CBT.V505.FILE392.PDS, moved to PDS/QSTART
2023-08-06 03:49:54.675499 - Found QSTART$$.txt (text/plain) in CBT.V505.FILE392.PDS, moved to PDS/QSTART$$
2023-08-06 03:49:54.676370 - Found QTILT.txt (text/plain) in CBT.V505.FILE392.PDS, moved to PDS/QTILT
2023-08-06 03:49:54.677231 - Found QUEUE.txt (text/plain) in CBT.V505.FILE392.PDS, moved to PDS/QUEUE
2023-08-06 03:49:54.678153 - Found QUEUEASM.txt (text/plain) in CBT.V505.FILE392.PDS, moved to PDS/QUEUEASM
2023-08-06 03:49:54.679053 - Found QUEUELNK.txt (text/plain) in CBT.V505.FILE392.PDS, moved to PDS/QUEUELNK
2023-08-06 03:49:54.679849 - Found QZACCVT.txt (text/plain) in CBT.V505.FILE392.PDS, moved to PDS/QZACCVT
2023-08-06 03:49:54.680670 - Found QZACDSV.txt (text/plain) in CBT.V505.FILE392.PDS, moved to PDS/QZACDSV
2023-08-06 03:49:54.681597 - Found QZACFJCB.txt (text/plain) in CBT.V505.FILE392.PDS, moved to PDS/QZACFJCB
2023-08-06 03:49:54.682542 - Found QZACFNJB.txt (text/plain) in CBT.V505.FILE392.PDS, moved to PDS/QZACFNJB
2023-08-06 03:49:54.683417 - Found QZACVALD.txt (text/plain) in CBT.V505.FILE392.PDS, moved to PDS/QZACVALD
2023-08-06 03:49:54.684215 - Found QZASCB.txt (text/plain) in CBT.V505.FILE392.PDS, moved to PDS/QZASCB
2023-08-06 03:49:54.685101 - Found QZASVT.txt (text/plain) in CBT.V505.FILE392.PDS, moved to PDS/QZASVT
2023-08-06 03:49:54.686069 - Found QZCPPL.txt (text/plain) in CBT.V505.FILE392.PDS, moved to PDS/QZCPPL
2023-08-06 03:49:54.687025 - Found QZCSCB.txt (text/plain) in CBT.V505.FILE392.PDS, moved to PDS/QZCSCB
2023-08-06 03:49:54.687870 - Found QZCVT.txt (text/plain) in CBT.V505.FILE392.PDS, moved to PDS/QZCVT
2023-08-06 03:49:54.688665 - Found QZDCBD.txt (text/plain) in CBT.V505.FILE392.PDS, moved to PDS/QZDCBD
2023-08-06 03:49:54.689465 - Found QZDEB.txt (text/plain) in CBT.V505.FILE392.PDS, moved to PDS/QZDEB
2023-08-06 03:49:54.690403 - Found QZIHAETD.txt (text/plain) in CBT.V505.FILE392.PDS, moved to PDS/QZIHAETD
2023-08-06 03:49:54.691244 - Found QZJESCT.txt (text/plain) in CBT.V505.FILE392.PDS, moved to PDS/QZJESCT
2023-08-06 03:49:54.692048 - Found QZJSCB.txt (text/plain) in CBT.V505.FILE392.PDS, moved to PDS/QZJSCB
2023-08-06 03:49:54.693019 - Found QZKEYS.txt (text/plain) in CBT.V505.FILE392.PDS, moved to PDS/QZKEYS
2023-08-06 03:49:54.694150 - Found QZMCS.txt (text/plain) in CBT.V505.FILE392.PDS, moved to PDS/QZMCS
2023-08-06 03:49:54.695088 - Found QZOUCB.txt (text/plain) in CBT.V505.FILE392.PDS, moved to PDS/QZOUCB
2023-08-06 03:49:54.696001 - Found QZPSA.txt (text/plain) in CBT.V505.FILE392.PDS, moved to PDS/QZPSA
2023-08-06 03:49:54.696941 - Found QZPSCB.txt (text/plain) in CBT.V505.FILE392.PDS, moved to PDS/QZPSCB
2023-08-06 03:49:54.697867 - Found QZRAX.txt (text/plain) in CBT.V505.FILE392.PDS, moved to PDS/QZRAX
2023-08-06 03:49:54.698796 - Found QZSSCT.txt (text/plain) in CBT.V505.FILE392.PDS, moved to PDS/QZSSCT
2023-08-06 03:49:54.699667 - Found QZSSIB.txt (text/plain) in CBT.V505.FILE392.PDS, moved to PDS/QZSSIB
2023-08-06 03:49:54.700588 - Found QZSSOB.txt (text/plain) in CBT.V505.FILE392.PDS, moved to PDS/QZSSOB
2023-08-06 03:49:54.701486 - Found QZTCB.txt (text/plain) in CBT.V505.FILE392.PDS, moved to PDS/QZTCB
2023-08-06 03:49:54.702387 - Found QZTEXT.txt (text/plain) in CBT.V505.FILE392.PDS, moved to PDS/QZTEXT
2023-08-06 03:49:54.703218 - Found QZTSVT.txt (text/plain) in CBT.V505.FILE392.PDS, moved to PDS/QZTSVT
2023-08-06 03:49:54.704164 - Found QZUCB.txt (text/plain) in CBT.V505.FILE392.PDS, moved to PDS/QZUCB
2023-08-06 03:49:54.705115 - Found QZZB505.txt (text/plain) in CBT.V505.FILE392.PDS, moved to PDS/QZZB505
2023-08-06 03:49:54.706074 - Found SPFQUEUE.txt (text/plain) in CBT.V505.FILE392.PDS, moved to PDS/SPFQUEUE
2023-08-06 03:49:54.706938 - Found SPFQUEUX.rexx (text/plain) in CBT.V505.FILE392.PDS, moved to PDS/SPFQUEUX
